0 info it worked if it ends with ok
1 verbose cli [ '/Users/foreverw/.nvm/versions/node/v6.12.3/bin/node',
1 verbose cli   '/Users/foreverw/.nvm/versions/node/v6.12.3/bin/npm',
1 verbose cli   'link' ]
2 info using npm@3.10.10
3 info using node@v6.12.3
4 verbose linkPkg /Users/foreverw/Documents/KuangPF_Github/node-command
5 silly gentlyRm /Users/foreverw/.nvm/versions/node/v6.12.3/lib/node_modules/node-command is being purged
6 verbose gentlyRm don't care about contents; nuking /Users/foreverw/.nvm/versions/node/v6.12.3/lib/node_modules/node-command
7 silly vacuum-fs purging /Users/foreverw/.nvm/versions/node/v6.12.3/lib/node_modules/node-command
8 silly vacuum-fs quitting because other entries in /Users/foreverw/.nvm/versions/node/v6.12.3/lib/node_modules
9 verbose link build target /Users/foreverw/.nvm/versions/node/v6.12.3/lib/node_modules/node-command
10 silly loadCurrentTree Starting
11 silly install loadCurrentTree
12 silly install readLocalPackageData
13 silly install normalizeTree
14 silly loadCurrentTree Finishing
15 silly loadIdealTree Starting
16 silly install loadIdealTree
17 silly cloneCurrentTree Starting
18 silly install cloneCurrentTreeToIdealTree
19 silly cloneCurrentTree Finishing
20 silly loadShrinkwrap Starting
21 silly install loadShrinkwrap
22 silly loadShrinkwrap Finishing
23 silly loadAllDepsIntoIdealTree Starting
24 silly install loadAllDepsIntoIdealTree
25 silly loadAllDepsIntoIdealTree Finishing
26 silly loadIdealTree Finishing
27 silly currentTree node-command@1.0.0
27 silly currentTree ├── ansi-styles@3.2.1
27 silly currentTree ├── chalk@2.4.1
27 silly currentTree ├── co@4.6.0
27 silly currentTree ├── color-convert@1.9.3
27 silly currentTree ├── color-name@1.1.3
27 silly currentTree ├── commander@2.19.0
27 silly currentTree ├── commander@2.19.0
27 silly currentTree ├── escape-string-regexp@1.0.5
27 silly currentTree ├── figlet@1.2.1
27 silly currentTree ├── fs@0.0.1-security
27 silly currentTree ├── has-flag@3.0.0
27 silly currentTree ├── inherits@2.0.3
27 silly currentTree ├── process@0.11.10
27 silly currentTree ├── supports-color@5.5.0
27 silly currentTree └── util@0.10.4
28 silly idealTree node-command@1.0.0
28 silly idealTree ├── ansi-styles@3.2.1
28 silly idealTree ├── chalk@2.4.1
28 silly idealTree ├── co@4.6.0
28 silly idealTree ├── color-convert@1.9.3
28 silly idealTree ├── color-name@1.1.3
28 silly idealTree ├── commander@2.19.0
28 silly idealTree ├── commander@2.19.0
28 silly idealTree ├── escape-string-regexp@1.0.5
28 silly idealTree ├── figlet@1.2.1
28 silly idealTree ├── fs@0.0.1-security
28 silly idealTree ├── has-flag@3.0.0
28 silly idealTree ├── inherits@2.0.3
28 silly idealTree ├── process@0.11.10
28 silly idealTree ├── supports-color@5.5.0
28 silly idealTree └── util@0.10.4
29 silly generateActionsToTake Starting
30 silly install generateActionsToTake
31 silly generateActionsToTake Finishing
32 silly diffTrees action count 0
33 silly decomposeActions action count 0
34 silly runTopLevelLifecycles Starting
35 silly install runPreinstallTopLevelLifecycles
36 silly preinstall node-command@1.0.0 /Users/foreverw/Documents/KuangPF_Github/node-command/node-command-9263c211
37 info lifecycle node-command@1.0.0~preinstall: node-command@1.0.0
38 silly lifecycle node-command@1.0.0~preinstall: no script for preinstall, continuing
39 silly executeActions Starting
40 silly install executeActions
41 silly doSerial global-install 0
42 silly doParallel fetch 0
43 verbose correctMkdir /Users/foreverw/.npm/_locks correctMkdir not in flight; initializing
44 verbose lock using /Users/foreverw/.npm/_locks/staging-5bcb44e04819346f.lock for /Users/foreverw/Documents/KuangPF_Github/node-command/node_modules/.staging
45 silly doParallel extract 0
46 silly doParallel preinstall 0
47 silly doReverseSerial remove 0
48 silly doSerial move 0
49 silly doSerial finalize 0
50 silly doSerial build 0
51 silly doSerial global-link 0
52 silly doParallel update-linked 0
53 silly doSerial install 0
54 silly doSerial postinstall 0
55 verbose unlock done using /Users/foreverw/.npm/_locks/staging-5bcb44e04819346f.lock for /Users/foreverw/Documents/KuangPF_Github/node-command/node_modules/.staging
56 silly executeActions Finishing
57 silly rollbackFailedOptional Starting
58 silly rollbackFailedOptional Finishing
59 silly install runPostinstallTopLevelLifecycles
60 silly build node-command@1.0.0
61 info linkStuff node-command@1.0.0
62 silly linkStuff node-command@1.0.0 has /Users/foreverw/Documents/KuangPF_Github as its parent node_modules
63 verbose linkBins node-command@1.0.0
64 verbose linkMans node-command@1.0.0
65 silly install node-command@1.0.0 /Users/foreverw/Documents/KuangPF_Github/node-command/node-command-9263c211
66 info lifecycle node-command@1.0.0~install: node-command@1.0.0
67 silly lifecycle node-command@1.0.0~install: no script for install, continuing
68 silly postinstall node-command@1.0.0 /Users/foreverw/Documents/KuangPF_Github/node-command/node-command-9263c211
69 info lifecycle node-command@1.0.0~postinstall: node-command@1.0.0
70 silly lifecycle node-command@1.0.0~postinstall: no script for postinstall, continuing
71 silly prepublish node-command@1.0.0 /Users/foreverw/Documents/KuangPF_Github/node-command/node-command-9263c211
72 info lifecycle node-command@1.0.0~prepublish: node-command@1.0.0
73 silly lifecycle node-command@1.0.0~prepublish: no script for prepublish, continuing
74 silly runTopLevelLifecycles Finishing
75 silly install printInstalled
76 info build /Users/foreverw/.nvm/versions/node/v6.12.3/lib/node_modules/node-command
77 info linkStuff node-command@1.0.0
78 silly linkStuff node-command@1.0.0 has /Users/foreverw/.nvm/versions/node/v6.12.3/lib/node_modules as its parent node_modules
79 silly linkStuff node-command@1.0.0 is part of a global install
80 silly linkStuff node-command@1.0.0 is installed into a global node_modules
81 silly linkStuff node-command@1.0.0 is installed into the top-level global node_modules
82 verbose linkBins node-command@1.0.0
83 verbose link bins [ { iview: './bin/iview.js' },
83 verbose link bins   '/Users/foreverw/.nvm/versions/node/v6.12.3/bin',
83 verbose link bins   true ]
84 verbose linkMans node-command@1.0.0
85 silly gentlyRm /Users/foreverw/.nvm/versions/node/v6.12.3/bin/iview is being gently removed
86 silly isEverInside /Users/foreverw/Documents/KuangPF_Github/node-command is not inside /Users/foreverw/.nvm/versions/node/v6.12.3
87 silly isEverInside /Users/foreverw/Documents/KuangPF_Github/node-command is not inside /Users/foreverw/Documents/KuangPF_Github/node-command/node_modules
88 silly isEverInside /Users/foreverw/Documents/KuangPF_Github/node-command is not inside /Users/foreverw/Documents/KuangPF_Github/node-command/node_modules
89 silly gentlyRm parent.path = /Users/foreverw/Documents/KuangPF_Github/node-command
90 silly gentlyRm parent.managed = /Users/foreverw/Documents/KuangPF_Github/node-command is in /Users/foreverw/Documents/KuangPF_Github/node-command
91 silly gentlyRm target.path =  /Users/foreverw/.nvm/versions/node/v6.12.3/bin/iview
92 silly gentlyRm target.symlink = ../lib/node_modules/node-command/bin/command.js
93 silly gentlyRm target.managed = false
94 silly gentlyRm target.inParent =  false
95 verbose stack Error: Refusing to delete /Users/foreverw/.nvm/versions/node/v6.12.3/bin/iview: ../lib/node_modules/node-command/bin/command.js symlink target is not controlled by npm /Users/foreverw/Documents/KuangPF_Github/node-command
95 verbose stack     at clobberFail (/Users/foreverw/.nvm/versions/node/v6.12.3/lib/node_modules/npm/lib/utils/gently-rm.js:162:12)
95 verbose stack     at isSafeToRm (/Users/foreverw/.nvm/versions/node/v6.12.3/lib/node_modules/npm/lib/utils/gently-rm.js:152:15)
95 verbose stack     at /Users/foreverw/.nvm/versions/node/v6.12.3/lib/node_modules/npm/lib/utils/gently-rm.js:93:5
95 verbose stack     at LOOP (/Users/foreverw/.nvm/versions/node/v6.12.3/lib/node_modules/npm/node_modules/slide/lib/chain.js:7:26)
95 verbose stack     at /Users/foreverw/.nvm/versions/node/v6.12.3/lib/node_modules/npm/node_modules/slide/lib/chain.js:18:7
95 verbose stack     at /Users/foreverw/.nvm/versions/node/v6.12.3/lib/node_modules/npm/lib/utils/gently-rm.js:179:14
95 verbose stack     at /Users/foreverw/.nvm/versions/node/v6.12.3/lib/node_modules/npm/node_modules/iferr/index.js:11:16
95 verbose stack     at /Users/foreverw/.nvm/versions/node/v6.12.3/lib/node_modules/npm/node_modules/iferr/index.js:11:16
95 verbose stack     at /Users/foreverw/.nvm/versions/node/v6.12.3/lib/node_modules/npm/node_modules/iferr/index.js:11:16
95 verbose stack     at /Users/foreverw/.nvm/versions/node/v6.12.3/lib/node_modules/npm/node_modules/iferr/index.js:11:16
96 verbose cwd /Users/foreverw/Documents/KuangPF_Github/node-command
97 error Darwin 18.0.0
98 error argv "/Users/foreverw/.nvm/versions/node/v6.12.3/bin/node" "/Users/foreverw/.nvm/versions/node/v6.12.3/bin/npm" "link"
99 error node v6.12.3
100 error npm  v3.10.10
101 error path /Users/foreverw/.nvm/versions/node/v6.12.3/bin/iview
102 error code EEXIST
103 error Refusing to delete /Users/foreverw/.nvm/versions/node/v6.12.3/bin/iview: ../lib/node_modules/node-command/bin/command.js symlink target is not controlled by npm /Users/foreverw/Documents/KuangPF_Github/node-command
104 error File exists: /Users/foreverw/.nvm/versions/node/v6.12.3/bin/iview
105 error Move it away, and try again.
106 verbose exit [ 1, true ]
